# JRE version: OpenJDK Runtime Environment (8.0_242-b01) (build 1.8.0_242-release-1644-b01)
# Java VM: OpenJDK 64-Bit Server VM (25.242-b01 mixed mode windows-amd64 compressed oops)
Heap:
 PSYoungGen      total 189952K, used 94541K [0x00000000d5580000, 0x00000000e4b00000, 0x0000000100000000)
  eden space 171520K, 45% used [0x00000000d5580000,0x00000000da16b0c8,0x00000000dfd00000)
  from space 18432K, 91% used [0x00000000dfd00000,0x00000000e0d68520,0x00000000e0f00000)
  to   space 20480K, 0% used [0x00000000e3700000,0x00000000e3700000,0x00000000e4b00000)
 ParOldGen       total 132096K, used 32674K [0x0000000080000000, 0x0000000088100000, 0x00000000d5580000)
  object space 132096K, 24% used [0x0000000080000000,0x0000000081fe8b10,0x0000000088100000)
 Metaspace       used 65270K, capacity 68716K, committed 68824K, reserved 1107968K
  class space    used 9024K, capacity 9661K, committed 9728K, reserved 1048576K
GC Heap History (10 events):
Event: 17.577 GC heap before
{Heap before GC invocations=12 (full 2):
 PSYoungGen      total 136704K, used 125952K [0x00000000d5580000, 0x00000000df800000, 0x0000000100000000)
  eden space 125952K, 100% used [0x00000000d5580000,0x00000000dd080000,0x00000000dd080000)
  from space 10752K, 0% used [0x00000000dd080000,0x00000000dd080000,0x00000000ddb00000)
  to   space 11776K, 0% used [0x00000000dec80000,0x00000000dec80000,0x00000000df800000)
 ParOldGen       total 89088K, used 17022K [0x0000000080000000, 0x0000000085700000, 0x00000000d5580000)
  object space 89088K, 19% used [0x0000000080000000,0x000000008109f858,0x0000000085700000)
 Metaspace       used 38270K, capacity 40152K, committed 40192K, reserved 1083392K
  class space    used 5259K, capacity 5611K, committed 5632K, reserved 1048576K
Event: 17.587 GC heap after
Heap after GC invocations=12 (full 2):
 PSYoungGen      total 154624K, used 8104K [0x00000000d5580000, 0x00000000e0500000, 0x0000000100000000)
  eden space 142848K, 0% used [0x00000000d5580000,0x00000000d5580000,0x00000000de100000)
  from space 11776K, 68% used [0x00000000dec80000,0x00000000df46a1e0,0x00000000df800000)
  to   space 11776K, 0% used [0x00000000de100000,0x00000000de100000,0x00000000dec80000)
 ParOldGen       total 89088K, used 17030K [0x0000000080000000, 0x0000000085700000, 0x00000000d5580000)
  object space 89088K, 19% used [0x0000000080000000,0x00000000810a1858,0x0000000085700000)
 Metaspace       used 38270K, capacity 40152K, committed 40192K, reserved 1083392K
  class space    used 5259K, capacity 5611K, committed 5632K, reserved 1048576K
}
Event: 26.296 GC heap before
{Heap before GC invocations=13 (full 2):
 PSYoungGen      total 154624K, used 150952K [0x00000000d5580000, 0x00000000e0500000, 0x0000000100000000)
  eden space 142848K, 100% used [0x00000000d5580000,0x00000000de100000,0x00000000de100000)
  from space 11776K, 68% used [0x00000000dec80000,0x00000000df46a1e0,0x00000000df800000)
  to   space 11776K, 0% used [0x00000000de100000,0x00000000de100000,0x00000000dec80000)
 ParOldGen       total 89088K, used 17030K [0x0000000080000000, 0x0000000085700000, 0x00000000d5580000)
  object space 89088K, 19% used [0x0000000080000000,0x00000000810a1858,0x0000000085700000)
 Metaspace       used 52214K, capacity 54530K, committed 54656K, reserved 1095680K
  class space    used 6989K, capacity 7439K, committed 7552K, reserved 1048576K
Event: 26.320 GC heap after
Heap after GC invocations=13 (full 2):
 PSYoungGen      total 154624K, used 11756K [0x00000000d5580000, 0x00000000e1f80000, 0x0000000100000000)
  eden space 142848K, 0% used [0x00000000d5580000,0x00000000d5580000,0x00000000de100000)
  from space 11776K, 99% used [0x00000000de100000,0x00000000dec7b310,0x00000000dec80000)
  to   space 16896K, 0% used [0x00000000e0f00000,0x00000000e0f00000,0x00000000e1f80000)
 ParOldGen       total 89088K, used 26878K [0x0000000080000000, 0x0000000085700000, 0x00000000d5580000)
  object space 89088K, 30% used [0x0000000080000000,0x0000000081a3f8f0,0x0000000085700000)
 Metaspace       used 52214K, capacity 54530K, committed 54656K, reserved 1095680K
  class space    used 6989K, capacity 7439K, committed 7552K, reserved 1048576K
}
Event: 28.194 GC heap before
{Heap before GC invocations=14 (full 2):
 PSYoungGen      total 154624K, used 74177K [0x00000000d5580000, 0x00000000e1f80000, 0x0000000100000000)
  eden space 142848K, 43% used [0x00000000d5580000,0x00000000d9275338,0x00000000de100000)
  from space 11776K, 99% used [0x00000000de100000,0x00000000dec7b310,0x00000000dec80000)
  to   space 16896K, 0% used [0x00000000e0f00000,0x00000000e0f00000,0x00000000e1f80000)
 ParOldGen       total 89088K, used 26878K [0x0000000080000000, 0x0000000085700000, 0x00000000d5580000)
  object space 89088K, 30% used [0x0000000080000000,0x0000000081a3f8f0,0x0000000085700000)
 Metaspace       used 56430K, capacity 59046K, committed 59096K, reserved 1099776K
  class space    used 7684K, capacity 8178K, committed 8192K, reserved 1048576K
Event: 28.231 GC heap after
Heap after GC invocations=14 (full 2):
 PSYoungGen      total 188416K, used 15471K [0x00000000d5580000, 0x00000000e2980000, 0x0000000100000000)
  eden space 171520K, 0% used [0x00000000d5580000,0x00000000d5580000,0x00000000dfd00000)
  from space 16896K, 91% used [0x00000000e0f00000,0x00000000e1e1bef8,0x00000000e1f80000)
  to   space 18432K, 0% used [0x00000000dfd00000,0x00000000dfd00000,0x00000000e0f00000)
 ParOldGen       total 89088K, used 30816K [0x0000000080000000, 0x0000000085700000, 0x00000000d5580000)
  object space 89088K, 34% used [0x0000000080000000,0x0000000081e18060,0x0000000085700000)
 Metaspace       used 56430K, capacity 59046K, committed 59096K, reserved 1099776K
  class space    used 7684K, capacity 8178K, committed 8192K, reserved 1048576K
}
Event: 28.232 GC heap before
{Heap before GC invocations=15 (full 3):
 PSYoungGen      total 188416K, used 15471K [0x00000000d5580000, 0x00000000e2980000, 0x0000000100000000)
  eden space 171520K, 0% used [0x00000000d5580000,0x00000000d5580000,0x00000000dfd00000)
  from space 16896K, 91% used [0x00000000e0f00000,0x00000000e1e1bef8,0x00000000e1f80000)
  to   space 18432K, 0% used [0x00000000dfd00000,0x00000000dfd00000,0x00000000e0f00000)
 ParOldGen       total 89088K, used 30816K [0x0000000080000000, 0x0000000085700000, 0x00000000d5580000)
  object space 89088K, 34% used [0x0000000080000000,0x0000000081e18060,0x0000000085700000)
 Metaspace       used 56430K, capacity 59046K, committed 59096K, reserved 1099776K
  class space    used 7684K, capacity 8178K, committed 8192K, reserved 1048576K
Event: 28.494 GC heap after
Heap after GC invocations=15 (full 3):
 PSYoungGen      total 188416K, used 0K [0x00000000d5580000, 0x00000000e2980000, 0x0000000100000000)
  eden space 171520K, 0% used [0x00000000d5580000,0x00000000d5580000,0x00000000dfd00000)
  from space 16896K, 0% used [0x00000000e0f00000,0x00000000e0f00000,0x00000000e1f80000)
  to   space 18432K, 0% used [0x00000000dfd00000,0x00000000dfd00000,0x00000000e0f00000)
 ParOldGen       total 132096K, used 32666K [0x0000000080000000, 0x0000000088100000, 0x00000000d5580000)
  object space 132096K, 24% used [0x0000000080000000,0x0000000081fe6b10,0x0000000088100000)
 Metaspace       used 56400K, capacity 58944K, committed 59096K, reserved 1099776K
  class space    used 7675K, capacity 8161K, committed 8192K, reserved 1048576K
}
Event: 34.512 GC heap before
{Heap before GC invocations=16 (full 3):
 PSYoungGen      total 188416K, used 171520K [0x00000000d5580000, 0x00000000e2980000, 0x0000000100000000)
  eden space 171520K, 100% used [0x00000000d5580000,0x00000000dfd00000,0x00000000dfd00000)
  from space 16896K, 0% used [0x00000000e0f00000,0x00000000e0f00000,0x00000000e1f80000)
  to   space 18432K, 0% used [0x00000000dfd00000,0x00000000dfd00000,0x00000000e0f00000)
 ParOldGen       total 132096K, used 32666K [0x0000000080000000, 0x0000000088100000, 0x00000000d5580000)
  object space 132096K, 24% used [0x0000000080000000,0x0000000081fe6b10,0x0000000088100000)
 Metaspace       used 64683K, capacity 68086K, committed 68312K, reserved 1107968K
  class space    used 8977K, capacity 9606K, committed 9728K, reserved 1048576K
Event: 34.534 GC heap after
Heap after GC invocations=16 (full 3):
 PSYoungGen      total 189952K, used 16801K [0x00000000d5580000, 0x00000000e4b00000, 0x0000000100000000)
  eden space 171520K, 0% used [0x00000000d5580000,0x00000000d5580000,0x00000000dfd00000)
  from space 18432K, 91% used [0x00000000dfd00000,0x00000000e0d68520,0x00000000e0f00000)
  to   space 20480K, 0% used [0x00000000e3700000,0x00000000e3700000,0x00000000e4b00000)
 ParOldGen       total 132096K, used 32674K [0x0000000080000000, 0x0000000088100000, 0x00000000d5580000)
  object space 132096K, 24% used [0x0000000080000000,0x0000000081fe8b10,0x0000000088100000)
 Metaspace       used 64683K, capacity 68086K, committed 68312K, reserved 1107968K
  class space    used 8977K, capacity 9606K, committed 9728K, reserved 1048576K
}

