# JRE version: OpenJDK Runtime Environment (8.0_242-b01) (build 1.8.0_242-release-1644-b01)
# Java VM: OpenJDK 64-Bit Server VM (25.242-b01 mixed mode windows-amd64 compressed oops)
Heap:
 PSYoungGen      total 275968K, used 69018K [0x00000000d5580000, 0x00000000ed000000, 0x0000000100000000)
  eden space 229888K, 30% used [0x00000000d5580000,0x00000000d98e6880,0x00000000e3600000)
  from space 46080K, 0% used [0x00000000e3600000,0x00000000e3600000,0x00000000e6300000)
  to   space 48640K, 0% used [0x00000000ea080000,0x00000000ea080000,0x00000000ed000000)
 ParOldGen       total 208384K, used 63921K [0x0000000080000000, 0x000000008cb80000, 0x00000000d5580000)
  object space 208384K, 30% used [0x0000000080000000,0x0000000083e6c758,0x000000008cb80000)
 Metaspace       used 94443K, capacity 98160K, committed 100556K, reserved 1136640K
  class space    used 12077K, capacity 12860K, committed 13300K, reserved 1048576K
GC Heap History (10 events):
Event: 1357.579 GC heap before
{Heap before GC invocations=19 (full 3):
 PSYoungGen      total 218112K, used 217616K [0x00000000d5580000, 0x00000000e5c80000, 0x0000000100000000)
  eden space 184320K, 100% used [0x00000000d5580000,0x00000000e0980000,0x00000000e0980000)
  from space 33792K, 98% used [0x00000000e2080000,0x00000000e41042f0,0x00000000e4180000)
  to   space 27648K, 0% used [0x00000000e4180000,0x00000000e4180000,0x00000000e5c80000)
 ParOldGen       total 151040K, used 46631K [0x0000000080000000, 0x0000000089380000, 0x00000000d5580000)
  object space 151040K, 30% used [0x0000000080000000,0x0000000082d89e88,0x0000000089380000)
 Metaspace       used 90302K, capacity 94750K, committed 94936K, reserved 1132544K
  class space    used 11766K, capacity 12713K, committed 12800K, reserved 1048576K
Event: 1357.619 GC heap after
Heap after GC invocations=19 (full 3):
 PSYoungGen      total 223744K, used 27640K [0x00000000d5580000, 0x00000000e9f80000, 0x0000000100000000)
  eden space 196096K, 0% used [0x00000000d5580000,0x00000000d5580000,0x00000000e1500000)
  from space 27648K, 99% used [0x00000000e4180000,0x00000000e5c7e2e0,0x00000000e5c80000)
  to   space 45568K, 0% used [0x00000000e1500000,0x00000000e1500000,0x00000000e4180000)
 ParOldGen       total 151040K, used 52028K [0x0000000080000000, 0x0000000089380000, 0x00000000d5580000)
  object space 151040K, 34% used [0x0000000080000000,0x00000000832cf378,0x0000000089380000)
 Metaspace       used 90302K, capacity 94750K, committed 94936K, reserved 1132544K
  class space    used 11766K, capacity 12713K, committed 12800K, reserved 1048576K
}
Event: 1621.724 GC heap before
{Heap before GC invocations=20 (full 3):
 PSYoungGen      total 223744K, used 223736K [0x00000000d5580000, 0x00000000e9f80000, 0x0000000100000000)
  eden space 196096K, 100% used [0x00000000d5580000,0x00000000e1500000,0x00000000e1500000)
  from space 27648K, 99% used [0x00000000e4180000,0x00000000e5c7e2e0,0x00000000e5c80000)
  to   space 45568K, 0% used [0x00000000e1500000,0x00000000e1500000,0x00000000e4180000)
 ParOldGen       total 151040K, used 52028K [0x0000000080000000, 0x0000000089380000, 0x00000000d5580000)
  object space 151040K, 34% used [0x0000000080000000,0x00000000832cf378,0x0000000089380000)
 Metaspace       used 90583K, capacity 95094K, committed 95192K, reserved 1132544K
  class space    used 11767K, capacity 12715K, committed 12800K, reserved 1048576K
Event: 1621.782 GC heap after
Heap after GC invocations=20 (full 3):
 PSYoungGen      total 241664K, used 14689K [0x00000000d5580000, 0x00000000e9180000, 0x0000000100000000)
  eden space 196096K, 0% used [0x00000000d5580000,0x00000000d5580000,0x00000000e1500000)
  from space 45568K, 32% used [0x00000000e1500000,0x00000000e2358770,0x00000000e4180000)
  to   space 44032K, 0% used [0x00000000e6680000,0x00000000e6680000,0x00000000e9180000)
 ParOldGen       total 151040K, used 65569K [0x0000000080000000, 0x0000000089380000, 0x00000000d5580000)
  object space 151040K, 43% used [0x0000000080000000,0x0000000084008490,0x0000000089380000)
 Metaspace       used 90583K, capacity 95094K, committed 95192K, reserved 1132544K
  class space    used 11767K, capacity 12715K, committed 12800K, reserved 1048576K
}
Event: 4314.971 GC heap before
{Heap before GC invocations=21 (full 3):
 PSYoungGen      total 241664K, used 210785K [0x00000000d5580000, 0x00000000e9180000, 0x0000000100000000)
  eden space 196096K, 100% used [0x00000000d5580000,0x00000000e1500000,0x00000000e1500000)
  from space 45568K, 32% used [0x00000000e1500000,0x00000000e2358770,0x00000000e4180000)
  to   space 44032K, 0% used [0x00000000e6680000,0x00000000e6680000,0x00000000e9180000)
 ParOldGen       total 151040K, used 65569K [0x0000000080000000, 0x0000000089380000, 0x00000000d5580000)
  object space 151040K, 43% used [0x0000000080000000,0x0000000084008490,0x0000000089380000)
 Metaspace       used 92900K, capacity 97658K, committed 97752K, reserved 1134592K
  class space    used 12041K, capacity 13011K, committed 13056K, reserved 1048576K
Event: 4315.624 GC heap after
Heap after GC invocations=21 (full 3):
 PSYoungGen      total 272384K, used 32052K [0x00000000d5580000, 0x00000000e9000000, 0x0000000100000000)
  eden space 229888K, 0% used [0x00000000d5580000,0x00000000d5580000,0x00000000e3600000)
  from space 42496K, 75% used [0x00000000e6680000,0x00000000e85cd3b8,0x00000000e9000000)
  to   space 46080K, 0% used [0x00000000e3600000,0x00000000e3600000,0x00000000e6300000)
 ParOldGen       total 151040K, used 73675K [0x0000000080000000, 0x0000000089380000, 0x00000000d5580000)
  object space 151040K, 48% used [0x0000000080000000,0x00000000847f2cb0,0x0000000089380000)
 Metaspace       used 92900K, capacity 97658K, committed 97752K, reserved 1134592K
  class space    used 12041K, capacity 13011K, committed 13056K, reserved 1048576K
}
Event: 4317.780 GC heap before
{Heap before GC invocations=22 (full 3):
 PSYoungGen      total 272384K, used 70327K [0x00000000d5580000, 0x00000000e9000000, 0x0000000100000000)
  eden space 229888K, 16% used [0x00000000d5580000,0x00000000d7ae0858,0x00000000e3600000)
  from space 42496K, 75% used [0x00000000e6680000,0x00000000e85cd3b8,0x00000000e9000000)
  to   space 46080K, 0% used [0x00000000e3600000,0x00000000e3600000,0x00000000e6300000)
 ParOldGen       total 151040K, used 73675K [0x0000000080000000, 0x0000000089380000, 0x00000000d5580000)
  object space 151040K, 48% used [0x0000000080000000,0x00000000847f2cb0,0x0000000089380000)
 Metaspace       used 93477K, capacity 98258K, committed 98380K, reserved 1134592K
  class space    used 12099K, capacity 13101K, committed 13172K, reserved 1048576K
Event: 4318.069 GC heap after
Heap after GC invocations=22 (full 3):
 PSYoungGen      total 275968K, used 32991K [0x00000000d5580000, 0x00000000ed000000, 0x0000000100000000)
  eden space 229888K, 0% used [0x00000000d5580000,0x00000000d5580000,0x00000000e3600000)
  from space 46080K, 71% used [0x00000000e3600000,0x00000000e5637f88,0x00000000e6300000)
  to   space 48640K, 0% used [0x00000000ea080000,0x00000000ea080000,0x00000000ed000000)
 ParOldGen       total 151040K, used 73683K [0x0000000080000000, 0x0000000089380000, 0x00000000d5580000)
  object space 151040K, 48% used [0x0000000080000000,0x00000000847f4cb0,0x0000000089380000)
 Metaspace       used 93477K, capacity 98258K, committed 98380K, reserved 1134592K
  class space    used 12099K, capacity 13101K, committed 13172K, reserved 1048576K
}
Event: 4318.311 GC heap before
{Heap before GC invocations=23 (full 4):
 PSYoungGen      total 275968K, used 32991K [0x00000000d5580000, 0x00000000ed000000, 0x0000000100000000)
  eden space 229888K, 0% used [0x00000000d5580000,0x00000000d5580000,0x00000000e3600000)
  from space 46080K, 71% used [0x00000000e3600000,0x00000000e5637f88,0x00000000e6300000)
  to   space 48640K, 0% used [0x00000000ea080000,0x00000000ea080000,0x00000000ed000000)
 ParOldGen       total 151040K, used 73683K [0x0000000080000000, 0x0000000089380000, 0x00000000d5580000)
  object space 151040K, 48% used [0x0000000080000000,0x00000000847f4cb0,0x0000000089380000)
 Metaspace       used 93477K, capacity 98258K, committed 98380K, reserved 1134592K
  class space    used 12099K, capacity 13101K, committed 13172K, reserved 1048576K
Event: 4319.102 GC heap after
Heap after GC invocations=23 (full 4):
 PSYoungGen      total 275968K, used 0K [0x00000000d5580000, 0x00000000ed000000, 0x0000000100000000)
  eden space 229888K, 0% used [0x00000000d5580000,0x00000000d5580000,0x00000000e3600000)
  from space 46080K, 0% used [0x00000000e3600000,0x00000000e3600000,0x00000000e6300000)
  to   space 48640K, 0% used [0x00000000ea080000,0x00000000ea080000,0x00000000ed000000)
 ParOldGen       total 208384K, used 63921K [0x0000000080000000, 0x000000008cb80000, 0x00000000d5580000)
  object space 208384K, 30% used [0x0000000080000000,0x0000000083e6c758,0x000000008cb80000)
 Metaspace       used 92218K, capacity 95886K, committed 98380K, reserved 1134592K
  class space    used 11840K, capacity 12623K, committed 13172K, reserved 1048576K
}

