# JRE version: OpenJDK Runtime Environment (8.0_242-b01) (build 1.8.0_242-release-1644-b01)
# Java VM: OpenJDK 64-Bit Server VM (25.242-b01 mixed mode windows-amd64 compressed oops)
Heap:
 PSYoungGen      total 192512K, used 73064K [0x00000000d5580000, 0x00000000e2800000, 0x0000000100000000)
  eden space 180224K, 33% used [0x00000000d5580000,0x00000000d90dae18,0x00000000e0580000)
  from space 12288K, 99% used [0x00000000e1600000,0x00000000e21ff320,0x00000000e2200000)
  to   space 16896K, 0% used [0x00000000e0580000,0x00000000e0580000,0x00000000e1600000)
 ParOldGen       total 73216K, used 21450K [0x0000000080000000, 0x0000000084780000, 0x00000000d5580000)
  object space 73216K, 29% used [0x0000000080000000,0x00000000814f29f8,0x0000000084780000)
 Metaspace       used 55172K, capacity 57356K, committed 57384K, reserved 1099776K
  class space    used 7510K, capacity 7969K, committed 7984K, reserved 1048576K
GC Heap History (10 events):
Event: 9.826 GC heap before
{Heap before GC invocations=10 (full 1):
 PSYoungGen      total 103424K, used 103312K [0x00000000d5580000, 0x00000000de600000, 0x0000000100000000)
  eden space 95232K, 100% used [0x00000000d5580000,0x00000000db280000,0x00000000db280000)
  from space 8192K, 98% used [0x00000000dde00000,0x00000000de5e4038,0x00000000de600000)
  to   space 11264K, 0% used [0x00000000dd000000,0x00000000dd000000,0x00000000ddb00000)
 ParOldGen       total 58880K, used 6833K [0x0000000080000000, 0x0000000083980000, 0x00000000d5580000)
  object space 58880K, 11% used [0x0000000080000000,0x00000000806ac5c8,0x0000000083980000)
 Metaspace       used 34237K, capacity 35350K, committed 35496K, reserved 1079296K
  class space    used 4717K, capacity 5002K, committed 5040K, reserved 1048576K
Event: 9.844 GC heap after
Heap after GC invocations=10 (full 1):
 PSYoungGen      total 132096K, used 11201K [0x00000000d5580000, 0x00000000de480000, 0x0000000100000000)
  eden space 120832K, 0% used [0x00000000d5580000,0x00000000d5580000,0x00000000dcb80000)
  from space 11264K, 99% used [0x00000000dd000000,0x00000000ddaf07f0,0x00000000ddb00000)
  to   space 9728K, 0% used [0x00000000ddb00000,0x00000000ddb00000,0x00000000de480000)
 ParOldGen       total 58880K, used 6841K [0x0000000080000000, 0x0000000083980000, 0x00000000d5580000)
  object space 58880K, 11% used [0x0000000080000000,0x00000000806ae5c8,0x0000000083980000)
 Metaspace       used 34237K, capacity 35350K, committed 35496K, reserved 1079296K
  class space    used 4717K, capacity 5002K, committed 5040K, reserved 1048576K
}
Event: 9.865 GC heap before
{Heap before GC invocations=11 (full 1):
 PSYoungGen      total 132096K, used 15780K [0x00000000d5580000, 0x00000000de480000, 0x0000000100000000)
  eden space 120832K, 3% used [0x00000000d5580000,0x00000000d59f89f0,0x00000000dcb80000)
  from space 11264K, 99% used [0x00000000dd000000,0x00000000ddaf07f0,0x00000000ddb00000)
  to   space 9728K, 0% used [0x00000000ddb00000,0x00000000ddb00000,0x00000000de480000)
 ParOldGen       total 58880K, used 6841K [0x0000000080000000, 0x0000000083980000, 0x00000000d5580000)
  object space 58880K, 11% used [0x0000000080000000,0x00000000806ae5c8,0x0000000083980000)
 Metaspace       used 34348K, capacity 35420K, committed 35496K, reserved 1079296K
  class space    used 4731K, capacity 5003K, committed 5040K, reserved 1048576K
Event: 9.876 GC heap after
Heap after GC invocations=11 (full 1):
 PSYoungGen      total 134144K, used 6968K [0x00000000d5580000, 0x00000000e1f00000, 0x0000000100000000)
  eden space 124416K, 0% used [0x00000000d5580000,0x00000000d5580000,0x00000000dcf00000)
  from space 9728K, 71% used [0x00000000ddb00000,0x00000000de1ce3c8,0x00000000de480000)
  to   space 12288K, 0% used [0x00000000dcf00000,0x00000000dcf00000,0x00000000ddb00000)
 ParOldGen       total 58880K, used 6841K [0x0000000080000000, 0x0000000083980000, 0x00000000d5580000)
  object space 58880K, 11% used [0x0000000080000000,0x00000000806ae5c8,0x0000000083980000)
 Metaspace       used 34348K, capacity 35420K, committed 35496K, reserved 1079296K
  class space    used 4731K, capacity 5003K, committed 5040K, reserved 1048576K
}
Event: 9.876 GC heap before
{Heap before GC invocations=12 (full 2):
 PSYoungGen      total 134144K, used 6968K [0x00000000d5580000, 0x00000000e1f00000, 0x0000000100000000)
  eden space 124416K, 0% used [0x00000000d5580000,0x00000000d5580000,0x00000000dcf00000)
  from space 9728K, 71% used [0x00000000ddb00000,0x00000000de1ce3c8,0x00000000de480000)
  to   space 12288K, 0% used [0x00000000dcf00000,0x00000000dcf00000,0x00000000ddb00000)
 ParOldGen       total 58880K, used 6841K [0x0000000080000000, 0x0000000083980000, 0x00000000d5580000)
  object space 58880K, 11% used [0x0000000080000000,0x00000000806ae5c8,0x0000000083980000)
 Metaspace       used 34348K, capacity 35420K, committed 35496K, reserved 1079296K
  class space    used 4731K, capacity 5003K, committed 5040K, reserved 1048576K
Event: 9.945 GC heap after
Heap after GC invocations=12 (full 2):
 PSYoungGen      total 134144K, used 0K [0x00000000d5580000, 0x00000000e1f00000, 0x0000000100000000)
  eden space 124416K, 0% used [0x00000000d5580000,0x00000000d5580000,0x00000000dcf00000)
  from space 9728K, 0% used [0x00000000ddb00000,0x00000000ddb00000,0x00000000de480000)
  to   space 12288K, 0% used [0x00000000dcf00000,0x00000000dcf00000,0x00000000ddb00000)
 ParOldGen       total 73216K, used 13355K [0x0000000080000000, 0x0000000084780000, 0x00000000d5580000)
  object space 73216K, 18% used [0x0000000080000000,0x0000000080d0acb0,0x0000000084780000)
 Metaspace       used 34348K, capacity 35420K, committed 35496K, reserved 1079296K
  class space    used 4731K, capacity 5003K, committed 5040K, reserved 1048576K
}
Event: 13.661 GC heap before
{Heap before GC invocations=13 (full 2):
 PSYoungGen      total 134144K, used 124416K [0x00000000d5580000, 0x00000000e1f00000, 0x0000000100000000)
  eden space 124416K, 100% used [0x00000000d5580000,0x00000000dcf00000,0x00000000dcf00000)
  from space 9728K, 0% used [0x00000000ddb00000,0x00000000ddb00000,0x00000000de480000)
  to   space 12288K, 0% used [0x00000000dcf00000,0x00000000dcf00000,0x00000000ddb00000)
 ParOldGen       total 73216K, used 13355K [0x0000000080000000, 0x0000000084780000, 0x00000000d5580000)
  object space 73216K, 18% used [0x0000000080000000,0x0000000080d0acb0,0x0000000084780000)
 Metaspace       used 38511K, capacity 40104K, committed 40232K, reserved 1083392K
  class space    used 5304K, capacity 5631K, committed 5680K, reserved 1048576K
Event: 13.670 GC heap after
Heap after GC invocations=13 (full 2):
 PSYoungGen      total 136704K, used 9022K [0x00000000d5580000, 0x00000000e2200000, 0x0000000100000000)
  eden space 124416K, 0% used [0x00000000d5580000,0x00000000d5580000,0x00000000dcf00000)
  from space 12288K, 73% used [0x00000000dcf00000,0x00000000dd7cf8a8,0x00000000ddb00000)
  to   space 12288K, 0% used [0x00000000e1600000,0x00000000e1600000,0x00000000e2200000)
 ParOldGen       total 73216K, used 13363K [0x0000000080000000, 0x0000000084780000, 0x00000000d5580000)
  object space 73216K, 18% used [0x0000000080000000,0x0000000080d0ccb0,0x0000000084780000)
 Metaspace       used 38511K, capacity 40104K, committed 40232K, reserved 1083392K
  class space    used 5304K, capacity 5631K, committed 5680K, reserved 1048576K
}
Event: 17.924 GC heap before
{Heap before GC invocations=14 (full 2):
 PSYoungGen      total 136704K, used 133438K [0x00000000d5580000, 0x00000000e2200000, 0x0000000100000000)
  eden space 124416K, 100% used [0x00000000d5580000,0x00000000dcf00000,0x00000000dcf00000)
  from space 12288K, 73% used [0x00000000dcf00000,0x00000000dd7cf8a8,0x00000000ddb00000)
  to   space 12288K, 0% used [0x00000000e1600000,0x00000000e1600000,0x00000000e2200000)
 ParOldGen       total 73216K, used 13363K [0x0000000080000000, 0x0000000084780000, 0x00000000d5580000)
  object space 73216K, 18% used [0x0000000080000000,0x0000000080d0ccb0,0x0000000084780000)
 Metaspace       used 50788K, capacity 52662K, committed 53032K, reserved 1095680K
  class space    used 6792K, capacity 7163K, committed 7216K, reserved 1048576K
Event: 17.952 GC heap after
Heap after GC invocations=14 (full 2):
 PSYoungGen      total 192512K, used 12284K [0x00000000d5580000, 0x00000000e2800000, 0x0000000100000000)
  eden space 180224K, 0% used [0x00000000d5580000,0x00000000d5580000,0x00000000e0580000)
  from space 12288K, 99% used [0x00000000e1600000,0x00000000e21ff320,0x00000000e2200000)
  to   space 16896K, 0% used [0x00000000e0580000,0x00000000e0580000,0x00000000e1600000)
 ParOldGen       total 73216K, used 21450K [0x0000000080000000, 0x0000000084780000, 0x00000000d5580000)
  object space 73216K, 29% used [0x0000000080000000,0x00000000814f29f8,0x0000000084780000)
 Metaspace       used 50788K, capacity 52662K, committed 53032K, reserved 1095680K
  class space    used 6792K, capacity 7163K, committed 7216K, reserved 1048576K
}

