# JRE version: OpenJDK Runtime Environment (8.0_242-b01) (build 1.8.0_242-release-1644-b01)
# Java VM: OpenJDK 64-Bit Server VM (25.242-b01 mixed mode windows-amd64 compressed oops)
Heap:
 PSYoungGen      total 367104K, used 367080K [0x00000000d5580000, 0x00000000f0380000, 0x0000000100000000)
  eden space 326144K, 100% used [0x00000000d5580000,0x00000000e9400000,0x00000000e9400000)
  from space 40960K, 99% used [0x00000000e9400000,0x00000000ebbfa3e8,0x00000000ebc00000)
  to   space 52224K, 99% used [0x00000000ed080000,0x00000000f037e280,0x00000000f0380000)
 ParOldGen       total 280064K, used 278901K [0x0000000080000000, 0x0000000091180000, 0x00000000d5580000)
  object space 280064K, 99% used [0x0000000080000000,0x000000009105d7b8,0x0000000091180000)
 Metaspace       used 103689K, capacity 110650K, committed 110936K, reserved 1146880K
  class space    used 13168K, capacity 14347K, committed 14464K, reserved 1048576K
GC Heap History (10 events):
Event: 843.900 GC heap after
Heap after GC invocations=55 (full 5):
 PSYoungGen      total 365568K, used 5952K [0x00000000d5580000, 0x00000000eec00000, 0x0000000100000000)
  eden space 325120K, 0% used [0x00000000d5580000,0x00000000d5580000,0x00000000e9300000)
  from space 40448K, 14% used [0x00000000ec480000,0x00000000eca50128,0x00000000eec00000)
  to   space 45568K, 0% used [0x00000000e9300000,0x00000000e9300000,0x00000000ebf80000)
 ParOldGen       total 246784K, used 203038K [0x0000000080000000, 0x000000008f100000, 0x00000000d5580000)
  object space 246784K, 82% used [0x0000000080000000,0x000000008c647ae0,0x000000008f100000)
 Metaspace       used 102731K, capacity 109356K, committed 109528K, reserved 1144832K
  class space    used 13121K, capacity 14266K, committed 14336K, reserved 1048576K
}
Event: 907.849 GC heap before
{Heap before GC invocations=56 (full 5):
 PSYoungGen      total 365568K, used 331070K [0x00000000d5580000, 0x00000000eec00000, 0x0000000100000000)
  eden space 325120K, 99% used [0x00000000d5580000,0x00000000e92ff700,0x00000000e9300000)
  from space 40448K, 14% used [0x00000000ec480000,0x00000000eca50128,0x00000000eec00000)
  to   space 45568K, 0% used [0x00000000e9300000,0x00000000e9300000,0x00000000ebf80000)
 ParOldGen       total 246784K, used 203038K [0x0000000080000000, 0x000000008f100000, 0x00000000d5580000)
  object space 246784K, 82% used [0x0000000080000000,0x000000008c647ae0,0x000000008f100000)
 Metaspace       used 102987K, capacity 109976K, committed 110040K, reserved 1144832K
  class space    used 13159K, capacity 14336K, committed 14336K, reserved 1048576K
Event: 907.900 GC heap after
Heap after GC invocations=56 (full 5):
 PSYoungGen      total 370688K, used 7856K [0x00000000d5580000, 0x00000000f0180000, 0x0000000100000000)
  eden space 325120K, 0% used [0x00000000d5580000,0x00000000d5580000,0x00000000e9300000)
  from space 45568K, 17% used [0x00000000e9300000,0x00000000e9aac118,0x00000000ebf80000)
  to   space 44032K, 0% used [0x00000000ed680000,0x00000000ed680000,0x00000000f0180000)
 ParOldGen       total 246784K, used 203046K [0x0000000080000000, 0x000000008f100000, 0x00000000d5580000)
  object space 246784K, 82% used [0x0000000080000000,0x000000008c649ae0,0x000000008f100000)
 Metaspace       used 102987K, capacity 109976K, committed 110040K, reserved 1144832K
  class space    used 13159K, capacity 14336K, committed 14336K, reserved 1048576K
}
Event: 996.095 GC heap before
{Heap before GC invocations=57 (full 5):
 PSYoungGen      total 370688K, used 332976K [0x00000000d5580000, 0x00000000f0180000, 0x0000000100000000)
  eden space 325120K, 100% used [0x00000000d5580000,0x00000000e9300000,0x00000000e9300000)
  from space 45568K, 17% used [0x00000000e9300000,0x00000000e9aac118,0x00000000ebf80000)
  to   space 44032K, 0% used [0x00000000ed680000,0x00000000ed680000,0x00000000f0180000)
 ParOldGen       total 246784K, used 203046K [0x0000000080000000, 0x000000008f100000, 0x00000000d5580000)
  object space 246784K, 82% used [0x0000000080000000,0x000000008c649ae0,0x000000008f100000)
 Metaspace       used 103133K, capacity 110058K, committed 110424K, reserved 1144832K
  class space    used 13162K, capacity 14339K, committed 14464K, reserved 1048576K
Event: 996.140 GC heap after
Heap after GC invocations=57 (full 5):
 PSYoungGen      total 326144K, used 13316K [0x00000000d5580000, 0x00000000ee400000, 0x0000000100000000)
  eden space 312320K, 0% used [0x00000000d5580000,0x00000000d5580000,0x00000000e8680000)
  from space 13824K, 96% used [0x00000000ed680000,0x00000000ee381200,0x00000000ee400000)
  to   space 40960K, 0% used [0x00000000e9400000,0x00000000e9400000,0x00000000ebc00000)
 ParOldGen       total 246784K, used 203054K [0x0000000080000000, 0x000000008f100000, 0x00000000d5580000)
  object space 246784K, 82% used [0x0000000080000000,0x000000008c64bae0,0x000000008f100000)
 Metaspace       used 103133K, capacity 110058K, committed 110424K, reserved 1144832K
  class space    used 13162K, capacity 14339K, committed 14464K, reserved 1048576K
}
Event: 1006.424 GC heap before
{Heap before GC invocations=58 (full 5):
 PSYoungGen      total 326144K, used 316518K [0x00000000d5580000, 0x00000000ee400000, 0x0000000100000000)
  eden space 312320K, 97% used [0x00000000d5580000,0x00000000e7d98868,0x00000000e8680000)
  from space 13824K, 96% used [0x00000000ed680000,0x00000000ee381200,0x00000000ee400000)
  to   space 40960K, 0% used [0x00000000e9400000,0x00000000e9400000,0x00000000ebc00000)
 ParOldGen       total 246784K, used 203054K [0x0000000080000000, 0x000000008f100000, 0x00000000d5580000)
  object space 246784K, 82% used [0x0000000080000000,0x000000008c64bae0,0x000000008f100000)
 Metaspace       used 103662K, capacity 110642K, committed 110936K, reserved 1146880K
  class space    used 13168K, capacity 14347K, committed 14464K, reserved 1048576K
Event: 1006.487 GC heap after
Heap after GC invocations=58 (full 5):
 PSYoungGen      total 367104K, used 40936K [0x00000000d5580000, 0x00000000f0380000, 0x0000000100000000)
  eden space 326144K, 0% used [0x00000000d5580000,0x00000000d5580000,0x00000000e9400000)
  from space 40960K, 99% used [0x00000000e9400000,0x00000000ebbfa3e8,0x00000000ebc00000)
  to   space 52224K, 0% used [0x00000000ed080000,0x00000000ed080000,0x00000000f0380000)
 ParOldGen       total 246784K, used 214025K [0x0000000080000000, 0x000000008f100000, 0x00000000d5580000)
  object space 246784K, 86% used [0x0000000080000000,0x000000008d102418,0x000000008f100000)
 Metaspace       used 103662K, capacity 110642K, committed 110936K, reserved 1146880K
  class space    used 13168K, capacity 14347K, committed 14464K, reserved 1048576K
}
Event: 1008.782 GC heap before
{Heap before GC invocations=59 (full 5):
 PSYoungGen      total 367104K, used 367080K [0x00000000d5580000, 0x00000000f0380000, 0x0000000100000000)
  eden space 326144K, 100% used [0x00000000d5580000,0x00000000e9400000,0x00000000e9400000)
  from space 40960K, 99% used [0x00000000e9400000,0x00000000ebbfa3e8,0x00000000ebc00000)
  to   space 52224K, 0% used [0x00000000ed080000,0x00000000ed080000,0x00000000f0380000)
 ParOldGen       total 246784K, used 214025K [0x0000000080000000, 0x000000008f100000, 0x00000000d5580000)
  object space 246784K, 86% used [0x0000000080000000,0x000000008d102418,0x000000008f100000)
 Metaspace       used 103689K, capacity 110650K, committed 110936K, reserved 1146880K
  class space    used 13168K, capacity 14347K, committed 14464K, reserved 1048576K
Event: 1009.905 GC heap after
Heap after GC invocations=59 (full 5):
 PSYoungGen      total 367104K, used 367080K [0x00000000d5580000, 0x00000000f0380000, 0x0000000100000000)
  eden space 326144K, 100% used [0x00000000d5580000,0x00000000e9400000,0x00000000e9400000)
  from space 40960K, 99% used [0x00000000e9400000,0x00000000ebbfa3e8,0x00000000ebc00000)
  to   space 52224K, 99% used [0x00000000ed080000,0x00000000f037e280,0x00000000f0380000)
 ParOldGen       total 280064K, used 278901K [0x0000000080000000, 0x0000000091180000, 0x00000000d5580000)
  object space 280064K, 99% used [0x0000000080000000,0x000000009105d7b8,0x0000000091180000)
 Metaspace       used 103689K, capacity 110650K, committed 110936K, reserved 1146880K
  class space    used 13168K, capacity 14347K, committed 14464K, reserved 1048576K
}
Event: 1009.941 GC heap before
{Heap before GC invocations=60 (full 6):
 PSYoungGen      total 367104K, used 367080K [0x00000000d5580000, 0x00000000f0380000, 0x0000000100000000)
  eden space 326144K, 100% used [0x00000000d5580000,0x00000000e9400000,0x00000000e9400000)
  from space 40960K, 99% used [0x00000000e9400000,0x00000000ebbfa3e8,0x00000000ebc00000)
  to   space 52224K, 99% used [0x00000000ed080000,0x00000000f037e280,0x00000000f0380000)
 ParOldGen       total 280064K, used 278901K [0x0000000080000000, 0x0000000091180000, 0x00000000d5580000)
  object space 280064K, 99% used [0x0000000080000000,0x000000009105d7b8,0x0000000091180000)
 Metaspace       used 103689K, capacity 110650K, committed 110936K, reserved 1146880K
  class space    used 13168K, capacity 14347K, committed 14464K, reserved 1048576K

